<?xml version="1.0" encoding="UTF-8"?>
<testng-results ignored="0" total="3" passed="3" failed="0" skipped="0">
  <reporter-output>
  </reporter-output>
  <suite started-at="2024-07-25T14:50:17 IST" name="Suite" finished-at="2024-07-25T14:50:42 IST" duration-ms="25428">
    <groups>
    </groups>
    <test started-at="2024-07-25T14:50:17 IST" name="EdgeTest" finished-at="2024-07-25T14:50:36 IST" duration-ms="19770">
      <class name="com.grid.ParalleTest">
        <test-method signature="crossBrowserTest(java.lang.String)[pri:0, instance:com.grid.ParalleTest@128d2484]" started-at="2024-07-25T14:50:17 IST" name="crossBrowserTest" finished-at="2024-07-25T14:50:36 IST" duration-ms="19639" status="PASS">
          <params>
            <param index="0">
              <value>
                <![CDATA[Edge]]>
              </value>
            </param>
          </params>
          <reporter-output>
          </reporter-output>
        </test-method> <!-- crossBrowserTest -->
      </class> <!-- com.grid.ParalleTest -->
    </test> <!-- EdgeTest -->
    <test started-at="2024-07-25T14:50:17 IST" name="ChromeTest" finished-at="2024-07-25T14:50:37 IST" duration-ms="20592">
      <class name="com.grid.ParalleTest">
        <test-method signature="crossBrowserTest(java.lang.String)[pri:0, instance:com.grid.ParalleTest@7ec7ffd3]" started-at="2024-07-25T14:50:17 IST" name="crossBrowserTest" finished-at="2024-07-25T14:50:37 IST" duration-ms="20476" status="PASS">
          <params>
            <param index="0">
              <value>
                <![CDATA[Chrome]]>
              </value>
            </param>
          </params>
          <reporter-output>
          </reporter-output>
        </test-method> <!-- crossBrowserTest -->
      </class> <!-- com.grid.ParalleTest -->
    </test> <!-- ChromeTest -->
    <test started-at="2024-07-25T14:50:17 IST" name="FirefoxTest" finished-at="2024-07-25T14:50:42 IST" duration-ms="25402">
      <class name="com.grid.ParalleTest">
        <test-method signature="crossBrowserTest(java.lang.String)[pri:0, instance:com.grid.ParalleTest@5c6648b0]" started-at="2024-07-25T14:50:17 IST" name="crossBrowserTest" finished-at="2024-07-25T14:50:42 IST" duration-ms="25314" status="PASS">
          <params>
            <param index="0">
              <value>
                <![CDATA[Firefox]]>
              </value>
            </param>
          </params>
          <reporter-output>
          </reporter-output>
        </test-method> <!-- crossBrowserTest -->
      </class> <!-- com.grid.ParalleTest -->
    </test> <!-- FirefoxTest -->
  </suite> <!-- Suite -->
</testng-results>
